#
# There is insufficient memory for the Java Runtime Environment to continue.
# Native memory allocation (malloc) failed to allocate 1062976 bytes for Chunk::new
# Possible reasons:
#   The system is out of physical RAM or swap space
#   In 32 bit mode, the process size limit was hit
# Possible solutions:
#   Reduce memory load on the system
#   Increase physical memory or swap space
#   Check if swap backing store is full
#   Use 64 bit Java on a 64 bit OS
#   Decrease Java heap size (-Xmx/-Xms)
#   Decrease number of Java threads
#   Decrease Java thread stack sizes (-Xss)
#   Set larger code cache with -XX:ReservedCodeCacheSize=
# This output file may be truncated or incomplete.
#
#  Out of Memory Error (allocation.cpp:390), pid=17952, tid=0x0000000000004210
#
# JRE version: Java(TM) SE Runtime Environment (8.0_111-b14) (build 1.8.0_111-b14)
# Java VM: Java HotSpot(TM) 64-Bit Server VM (25.111-b14 mixed mode windows-amd64 compressed oops)
# Failed to write core dump. Minidumps are not enabled by default on client versions of Windows
#

---------------  T H R E A D  ---------------

Current thread (0x000000001ca29800):  JavaThread "C2 CompilerThread1" daemon [_thread_in_native, id=16912, stack(0x000000001ebd0000,0x000000001ecd0000)]

Stack: [0x000000001ebd0000,0x000000001ecd0000]
[error occurred during error reporting (printing stack bounds), id 0xc0000005]

Native frames: (J=compiled Java code, j=interpreted, Vv=VM code, C=native code)


Current CompileTask:
C2: 373518 7232       4       org.springframework.util.AntPathMatcher::doMatch (619 bytes)


---------------  P R O C E S S  ---------------

Java Threads: ( => current thread )
  0x000000001f850800 JavaThread "http-nio-8080-exec-10" daemon [_thread_blocked, id=19672, stack(0x0000000029b40000,0x0000000029c40000)]
  0x000000001f855800 JavaThread "http-nio-8080-exec-9" daemon [_thread_blocked, id=14548, stack(0x0000000029840000,0x0000000029940000)]
  0x000000001f855000 JavaThread "http-nio-8080-exec-8" daemon [_thread_blocked, id=19404, stack(0x0000000029740000,0x0000000029840000)]
  0x000000001f851000 JavaThread "http-nio-8080-exec-7" daemon [_thread_blocked, id=6904, stack(0x0000000029640000,0x0000000029740000)]
  0x000000001f854000 JavaThread "http-nio-8080-exec-6" daemon [_thread_blocked, id=16904, stack(0x0000000029540000,0x0000000029640000)]
  0x000000001f853800 JavaThread "http-nio-8080-exec-5" daemon [_thread_blocked, id=16812, stack(0x0000000029440000,0x0000000029540000)]
  0x000000001f84f800 JavaThread "http-nio-8080-exec-4" daemon [_thread_blocked, id=20908, stack(0x0000000029340000,0x0000000029440000)]
  0x00000000239ce800 JavaThread "http-nio-8080-exec-3" daemon [_thread_blocked, id=2952, stack(0x0000000029240000,0x0000000029340000)]
  0x00000000239cd000 JavaThread "http-nio-8080-exec-2" daemon [_thread_blocked, id=18352, stack(0x0000000028f40000,0x0000000029040000)]
  0x00000000239cb800 JavaThread "http-nio-8080-exec-1" daemon [_thread_blocked, id=19932, stack(0x0000000026420000,0x0000000026520000)]
  0x00000000239cd800 JavaThread "DestroyJavaVM" [_thread_blocked, id=18516, stack(0x0000000002f80000,0x0000000003080000)]
  0x00000000239d0000 JavaThread "http-nio-8080-Acceptor" daemon [_thread_in_native, id=11124, stack(0x0000000028b40000,0x0000000028c40000)]
  0x00000000239d0800 JavaThread "http-nio-8080-Poller" daemon [_thread_in_native, id=19824, stack(0x0000000028a40000,0x0000000028b40000)]
  0x00000000239d2000 JavaThread "HikariPool-1 housekeeper" daemon [_thread_blocked, id=13300, stack(0x0000000026320000,0x0000000026420000)]
  0x00000000239cc000 JavaThread "mysql-cj-abandoned-connection-cleanup" daemon [_thread_blocked, id=21108, stack(0x0000000025bb0000,0x0000000025cb0000)]
  0x0000000022a96000 JavaThread "container-0" [_thread_blocked, id=14704, stack(0x0000000024880000,0x0000000024980000)]
  0x00000000206bc800 JavaThread "Catalina-utility-2" [_thread_blocked, id=7920, stack(0x0000000024780000,0x0000000024880000)]
  0x0000000022012000 JavaThread "Catalina-utility-1" [_thread_blocked, id=13968, stack(0x0000000021050000,0x0000000021150000)]
  0x000000001fbab000 JavaThread "JMX server connection timeout 15" daemon [_thread_blocked, id=12448, stack(0x0000000021850000,0x0000000021950000)]
  0x000000001fbb2800 JavaThread "RMI Scheduler(0)" daemon [_thread_blocked, id=7392, stack(0x0000000021750000,0x0000000021850000)]
  0x000000001fbda000 JavaThread "RMI TCP Connection(1)-127.0.0.1" daemon [_thread_in_native, id=19656, stack(0x0000000021450000,0x0000000021550000)]
  0x000000001fd8f800 JavaThread "RMI TCP Accept-0" daemon [_thread_in_native, id=8716, stack(0x0000000021350000,0x0000000021450000)]
  0x000000001e58b800 JavaThread "Service Thread" daemon [_thread_blocked, id=11876, stack(0x000000001edd0000,0x000000001eed0000)]
  0x000000001ca2a000 JavaThread "C1 CompilerThread2" daemon [_thread_blocked, id=4596, stack(0x000000001ecd0000,0x000000001edd0000)]
=>0x000000001ca29800 JavaThread "C2 CompilerThread1" daemon [_thread_in_native, id=16912, stack(0x000000001ebd0000,0x000000001ecd0000)]
  0x000000001ca3d000 JavaThread "C2 CompilerThread0" daemon [_thread_blocked, id=17132, stack(0x000000001ead0000,0x000000001ebd0000)]
  0x000000001ca38800 JavaThread "Attach Listener" daemon [_thread_blocked, id=17644, stack(0x000000001e9d0000,0x000000001ead0000)]
  0x000000001e513800 JavaThread "Signal Dispatcher" daemon [_thread_blocked, id=14652, stack(0x000000001e8d0000,0x000000001e9d0000)]
  0x000000000317b800 JavaThread "Finalizer" daemon [_thread_blocked, id=9956, stack(0x000000001e2b0000,0x000000001e3b0000)]
  0x0000000003172800 JavaThread "Reference Handler" daemon [_thread_blocked, id=10904, stack(0x000000001e1b0000,0x000000001e2b0000)]

Other Threads:
  0x000000001c9e8000 VMThread [stack: 0x000000001e0b0000,0x000000001e1b0000] [id=20540]
  0x000000001e5cb800 WatcherThread [stack: 0x000000001f040000,0x000000001f140000] [id=15192]

VM state:not at safepoint (normal execution)

VM Mutex/Monitor currently owned by a thread: None

Heap:
 PSYoungGen      total 302080K, used 191019K [0x000000076af00000, 0x0000000781100000, 0x00000007c0000000)
  eden space 278528K, 68% used [0x000000076af00000,0x000000077698ae18,0x000000077bf00000)
  from space 23552K, 0% used [0x000000077d580000,0x000000077d580000,0x000000077ec80000)
  to   space 23040K, 0% used [0x000000077bf00000,0x000000077bf00000,0x000000077d580000)
 ParOldGen       total 204800K, used 20092K [0x00000006c0c00000, 0x00000006cd400000, 0x000000076af00000)
  object space 204800K, 9% used [0x00000006c0c00000,0x00000006c1f9f210,0x00000006cd400000)
 Metaspace       used 67626K, capacity 72136K, committed 72320K, reserved 1112064K
  class space    used 9275K, capacity 10023K, committed 10112K, reserved 1048576K

Card table byte_map: [0x0000000012540000,0x0000000012d40000] byte_map_base: 0x000000000ef3a000

Marking Bits: (ParMarkBitMap*) 0x000000006159a6c0
 Begin Bits: [0x00000000138a0000, 0x0000000017870000)
 End Bits:   [0x0000000017870000, 0x000000001b840000)

Polling page: 0x00000000016a0000

CodeCache: size=245760Kb used=19945Kb max_used=19957Kb free=225814Kb
 bounds [0x0000000003180000, 0x0000000004520000, 0x0000000012180000]
 total_blobs=6853 nmethods=6265 adapters=499
 compilation: enabled

Compilation events (10 events):
Event: 373.347 Thread 0x000000001ca2a000 nmethod 7236 0x000000000450ecd0 code [0x000000000450eea0, 0x000000000450f7a8]
Event: 373.347 Thread 0x000000001ca2a000 7237       3       org.apache.catalina.connector.Request::getDiscardFacades (19 bytes)
Event: 373.347 Thread 0x000000001ca2a000 nmethod 7237 0x000000000450fa90 code [0x000000000450fc00, 0x000000000450fe90]
Event: 373.347 Thread 0x000000001ca2a000 7238       3       org.apache.catalina.connector.Connector::getDiscardFacades (19 bytes)
Event: 373.347 Thread 0x000000001ca2a000 nmethod 7238 0x000000000450ff50 code [0x00000000045100a0, 0x0000000004510270]
Event: 373.349 Thread 0x000000001ca2a000 7239       3       org.apache.catalina.connector.Request::getHost (8 bytes)
Event: 373.349 Thread 0x000000001ca2a000 nmethod 7239 0x0000000004510310 code [0x0000000004510460, 0x00000000045105d0]
Event: 373.364 Thread 0x000000001ca3d000 nmethod 7227 0x00000000045141d0 code [0x00000000045143e0, 0x00000000045152a8]
Event: 373.364 Thread 0x000000001ca3d000 7233       4       org.springframework.util.AntPathMatcher::tokenizePattern (91 bytes)
Event: 373.369 Thread 0x000000001ca3d000 nmethod 7233 0x0000000004516110 code [0x0000000004516280, 0x0000000004516808]

GC Heap History (10 events):
Event: 2.167 GC heap before
{Heap before GC invocations=5 (full 1):
 PSYoungGen      total 141824K, used 128936K [0x000000076af00000, 0x0000000778780000, 0x00000007c0000000)
  eden space 131072K, 92% used [0x000000076af00000,0x0000000772564d58,0x0000000772f00000)
  from space 10752K, 71% used [0x0000000772f00000,0x0000000773685640,0x0000000773980000)
  to   space 10752K, 0% used [0x0000000777d00000,0x0000000777d00000,0x0000000778780000)
 ParOldGen       total 100864K, used 7986K [0x00000006c0c00000, 0x00000006c6e80000, 0x000000076af00000)
  object space 100864K, 7% used [0x00000006c0c00000,0x00000006c13cca80,0x00000006c6e80000)
 Metaspace       used 33114K, capacity 35332K, committed 35416K, reserved 1079296K
  class space    used 4363K, capacity 4793K, committed 4864K, reserved 1048576K
Event: 2.176 GC heap after
Heap after GC invocations=5 (full 1):
 PSYoungGen      total 205312K, used 10742K [0x000000076af00000, 0x0000000778780000, 0x00000007c0000000)
  eden space 194560K, 0% used [0x000000076af00000,0x000000076af00000,0x0000000776d00000)
  from space 10752K, 99% used [0x0000000777d00000,0x000000077877da28,0x0000000778780000)
  to   space 10752K, 0% used [0x0000000777280000,0x0000000777280000,0x0000000777d00000)
 ParOldGen       total 100864K, used 13097K [0x00000006c0c00000, 0x00000006c6e80000, 0x000000076af00000)
  object space 100864K, 12% used [0x00000006c0c00000,0x00000006c18ca7f8,0x00000006c6e80000)
 Metaspace       used 33114K, capacity 35332K, committed 35416K, reserved 1079296K
  class space    used 4363K, capacity 4793K, committed 4864K, reserved 1048576K
}
Event: 2.176 GC heap before
{Heap before GC invocations=6 (full 2):
 PSYoungGen      total 205312K, used 10742K [0x000000076af00000, 0x0000000778780000, 0x00000007c0000000)
  eden space 194560K, 0% used [0x000000076af00000,0x000000076af00000,0x0000000776d00000)
  from space 10752K, 99% used [0x0000000777d00000,0x000000077877da28,0x0000000778780000)
  to   space 10752K, 0% used [0x0000000777280000,0x0000000777280000,0x0000000777d00000)
 ParOldGen       total 100864K, used 13097K [0x00000006c0c00000, 0x00000006c6e80000, 0x000000076af00000)
  object space 100864K, 12% used [0x00000006c0c00000,0x00000006c18ca7f8,0x00000006c6e80000)
 Metaspace       used 33114K, capacity 35332K, committed 35416K, reserved 1079296K
  class space    used 4363K, capacity 4793K, committed 4864K, reserved 1048576K
Event: 2.206 GC heap after
Heap after GC invocations=6 (full 2):
 PSYoungGen      total 205312K, used 0K [0x000000076af00000, 0x0000000778780000, 0x00000007c0000000)
  eden space 194560K, 0% used [0x000000076af00000,0x000000076af00000,0x0000000776d00000)
  from space 10752K, 0% used [0x0000000777d00000,0x0000000777d00000,0x0000000778780000)
  to   space 10752K, 0% used [0x0000000777280000,0x0000000777280000,0x0000000777d00000)
 ParOldGen       total 164864K, used 19984K [0x00000006c0c00000, 0x00000006cad00000, 0x000000076af00000)
  object space 164864K, 12% used [0x00000006c0c00000,0x00000006c1f843f8,0x00000006cad00000)
 Metaspace       used 33114K, capacity 35332K, committed 35416K, reserved 1079296K
  class space    used 4363K, capacity 4793K, committed 4864K, reserved 1048576K
}
Event: 7.643 GC heap before
{Heap before GC invocations=7 (full 2):
 PSYoungGen      total 205312K, used 194560K [0x000000076af00000, 0x0000000778780000, 0x00000007c0000000)
  eden space 194560K, 100% used [0x000000076af00000,0x0000000776d00000,0x0000000776d00000)
  from space 10752K, 0% used [0x0000000777d00000,0x0000000777d00000,0x0000000778780000)
  to   space 10752K, 0% used [0x0000000777280000,0x0000000777280000,0x0000000777d00000)
 ParOldGen       total 164864K, used 19984K [0x00000006c0c00000, 0x00000006cad00000, 0x000000076af00000)
  object space 164864K, 12% used [0x00000006c0c00000,0x00000006c1f843f8,0x00000006cad00000)
 Metaspace       used 54725K, capacity 57818K, committed 57984K, reserved 1099776K
  class space    used 7500K, capacity 8041K, committed 8064K, reserved 1048576K
Event: 7.657 GC heap after
Heap after GC invocations=7 (full 2):
 PSYoungGen      total 210944K, used 10732K [0x000000076af00000, 0x000000077ec80000, 0x00000007c0000000)
  eden space 200192K, 0% used [0x000000076af00000,0x000000076af00000,0x0000000777280000)
  from space 10752K, 99% used [0x0000000777280000,0x0000000777cfb1b0,0x0000000777d00000)
  to   space 23552K, 0% used [0x000000077d580000,0x000000077d580000,0x000000077ec80000)
 ParOldGen       total 164864K, used 32538K [0x00000006c0c00000, 0x00000006cad00000, 0x000000076af00000)
  object space 164864K, 19% used [0x00000006c0c00000,0x00000006c2bc6928,0x00000006cad00000)
 Metaspace       used 54725K, capacity 57818K, committed 57984K, reserved 1099776K
  class space    used 7500K, capacity 8041K, committed 8064K, reserved 1048576K
}
Event: 7.737 GC heap before
{Heap before GC invocations=8 (full 2):
 PSYoungGen      total 210944K, used 31664K [0x000000076af00000, 0x000000077ec80000, 0x00000007c0000000)
  eden space 200192K, 10% used [0x000000076af00000,0x000000076c370e60,0x0000000777280000)
  from space 10752K, 99% used [0x0000000777280000,0x0000000777cfb1b0,0x0000000777d00000)
  to   space 23552K, 0% used [0x000000077d580000,0x000000077d580000,0x000000077ec80000)
 ParOldGen       total 164864K, used 32538K [0x00000006c0c00000, 0x00000006cad00000, 0x000000076af00000)
  object space 164864K, 19% used [0x00000006c0c00000,0x00000006c2bc6928,0x00000006cad00000)
 Metaspace       used 55583K, capacity 58870K, committed 59008K, reserved 1099776K
  class space    used 7635K, capacity 8199K, committed 8320K, reserved 1048576K
Event: 7.743 GC heap after
Heap after GC invocations=8 (full 2):
 PSYoungGen      total 302080K, used 8345K [0x000000076af00000, 0x0000000781100000, 0x00000007c0000000)
  eden space 278528K, 0% used [0x000000076af00000,0x000000076af00000,0x000000077bf00000)
  from space 23552K, 35% used [0x000000077d580000,0x000000077dda6480,0x000000077ec80000)
  to   space 23040K, 0% used [0x000000077bf00000,0x000000077bf00000,0x000000077d580000)
 ParOldGen       total 164864K, used 32546K [0x00000006c0c00000, 0x00000006cad00000, 0x000000076af00000)
  object space 164864K, 19% used [0x00000006c0c00000,0x00000006c2bc8928,0x00000006cad00000)
 Metaspace       used 55583K, capacity 58870K, committed 59008K, reserved 1099776K
  class space    used 7635K, capacity 8199K, committed 8320K, reserved 1048576K
}
Event: 7.743 GC heap before
{Heap before GC invocations=9 (full 3):
 PSYoungGen      total 302080K, used 8345K [0x000000076af00000, 0x0000000781100000, 0x00000007c0000000)
  eden space 278528K, 0% used [0x000000076af00000,0x000000076af00000,0x000000077bf00000)
  from space 23552K, 35% used [0x000000077d580000,0x000000077dda6480,0x000000077ec80000)
  to   space 23040K, 0% used [0x000000077bf00000,0x000000077bf00000,0x000000077d580000)
 ParOldGen       total 164864K, used 32546K [0x00000006c0c00000, 0x00000006cad00000, 0x000000076af00000)
  object space 164864K, 19% used [0x00000006c0c00000,0x00000006c2bc8928,0x00000006cad00000)
 Metaspace       used 55583K, capacity 58870K, committed 59008K, reserved 1099776K
  class space    used 7635K, capacity 8199K, committed 8320K, reserved 1048576K
Event: 7.824 GC heap after
Heap after GC invocations=9 (full 3):
 PSYoungGen      total 302080K, used 0K [0x000000076af00000, 0x0000000781100000, 0x00000007c0000000)
  eden space 278528K, 0% used [0x000000076af00000,0x000000076af00000,0x000000077bf00000)
  from space 23552K, 0% used [0x000000077d580000,0x000000077d580000,0x000000077ec80000)
  to   space 23040K, 0% used [0x000000077bf00000,0x000000077bf00000,0x000000077d580000)
 ParOldGen       total 204800K, used 20092K [0x00000006c0c00000, 0x00000006cd400000, 0x000000076af00000)
  object space 204800K, 9% used [0x00000006c0c00000,0x00000006c1f9f210,0x00000006cd400000)
 Metaspace       used 55583K, capacity 58870K, committed 59008K, reserved 1099776K
  class space    used 7635K, capacity 8199K, committed 8320K, reserved 1048576K
}

Deoptimization events (10 events):
Event: 9.861 Thread 0x00000000239d1800 Uncommon trap: reason=bimorphic action=maybe_recompile pc=0x000000000386cfa4 method=java.lang.ClassLoader.loadClass(Ljava/lang/String;Z)Ljava/lang/Class; @ 38
Event: 9.861 Thread 0x00000000239d1800 Uncommon trap: reason=bimorphic action=maybe_recompile pc=0x0000000003e4b644 method=java.io.DataInputStream.readInt()I @ 4
Event: 9.862 Thread 0x00000000239d1800 Uncommon trap: reason=bimorphic action=maybe_recompile pc=0x0000000003e4b644 method=java.io.DataInputStream.readInt()I @ 4
Event: 9.864 Thread 0x00000000239d1800 Uncommon trap: reason=bimorphic action=maybe_recompile pc=0x0000000003e4b644 method=java.io.DataInputStream.readInt()I @ 4
Event: 9.865 Thread 0x00000000239d1800 Uncommon trap: reason=bimorphic action=maybe_recompile pc=0x0000000003e4b644 method=java.io.DataInputStream.readInt()I @ 4
Event: 25.442 Thread 0x00000000239cd000 Uncommon trap: reason=predicate action=maybe_recompile pc=0x000000000366fc90 method=java.lang.String.regionMatches(ZILjava/lang/String;II)Z @ 63
Event: 25.615 Thread 0x00000000239cd000 Uncommon trap: reason=unstable_if action=reinterpret pc=0x0000000003b2ee40 method=java.nio.Buffer.limit(I)Ljava/nio/Buffer; @ 33
Event: 43.644 Thread 0x000000001fbda000 Uncommon trap: reason=bimorphic action=maybe_recompile pc=0x0000000003ebd8b4 method=java.util.Hashtable.get(Ljava/lang/Object;)Ljava/lang/Object; @ 45
Event: 142.590 Thread 0x000000001f855800 Uncommon trap: reason=unstable_if action=reinterpret pc=0x00000000032f0f94 method=java.util.concurrent.ConcurrentHashMap.addCount(JI)V @ 34
Event: 142.590 Thread 0x000000001f84f800 Uncommon trap: reason=unstable_if action=reinterpret pc=0x00000000032f0f94 method=java.util.concurrent.ConcurrentHashMap.addCount(JI)V @ 34

Internal exceptions (10 events):
Event: 9.852 Thread 0x000000001fbda000 Exception <a 'java/lang/ClassNotFoundException': org/springframework/boot/actuate/endpoint/jmx/DataEndpointMBean> (0x0000000772503180) thrown at [C:\re\workspace\8-2-build-windows-amd64-cygwin\jdk8u111\7883\hotspot\src\share\vm\classfile\systemDictionary.
Event: 9.853 Thread 0x000000001fbda000 Exception <a 'java/lang/ClassNotFoundException': org/springframework/context/support/LiveBeansView> (0x00000007725215d0) thrown at [C:\re\workspace\8-2-build-windows-amd64-cygwin\jdk8u111\7883\hotspot\src\share\vm\classfile\systemDictionary.cpp, line 210]
Event: 9.853 Thread 0x000000001fbda000 Exception <a 'java/lang/ClassNotFoundException': org/springframework/boot/actuate/endpoint/jmx/EndpointMBean> (0x000000077252d050) thrown at [C:\re\workspace\8-2-build-windows-amd64-cygwin\jdk8u111\7883\hotspot\src\share\vm\classfile\systemDictionary.cpp,
Event: 9.853 Thread 0x000000001fbda000 Exception <a 'java/lang/ClassNotFoundException': org/springframework/boot/actuate/endpoint/jmx/DataEndpointMBean> (0x000000077252d598) thrown at [C:\re\workspace\8-2-build-windows-amd64-cygwin\jdk8u111\7883\hotspot\src\share\vm\classfile\systemDictionary.
Event: 9.853 Thread 0x000000001fbda000 Exception <a 'java/lang/ClassNotFoundException': org/springframework/context/support/LiveBeansView> (0x000000077252dac8) thrown at [C:\re\workspace\8-2-build-windows-amd64-cygwin\jdk8u111\7883\hotspot\src\share\vm\classfile\systemDictionary.cpp, line 210]
Event: 10.499 Thread 0x00000000239cd000 Exception <a 'java/io/FileNotFoundException'> (0x0000000772ab30d0) thrown at [C:\re\workspace\8-2-build-windows-amd64-cygwin\jdk8u111\7883\hotspot\src\share\vm\prims\jni.cpp, line 709]
Event: 11.454 Thread 0x00000000239cd000 Exception <a 'java/io/FileNotFoundException'> (0x0000000772b86ee8) thrown at [C:\re\workspace\8-2-build-windows-amd64-cygwin\jdk8u111\7883\hotspot\src\share\vm\prims\jni.cpp, line 709]
Event: 12.422 Thread 0x00000000239cd000 Exception <a 'java/io/FileNotFoundException'> (0x0000000772c54010) thrown at [C:\re\workspace\8-2-build-windows-amd64-cygwin\jdk8u111\7883\hotspot\src\share\vm\prims\jni.cpp, line 709]
Event: 25.349 Thread 0x00000000239cb800 Exception <a 'java/lang/NoSuchMethodError': java.lang.Object.lambda$builder$1(Ljava/lang/String;)Lio/micrometer/core/instrument/Timer$Builder;> (0x0000000773831900) thrown at [C:\re\workspace\8-2-build-windows-amd64-cygwin\jdk8u111\7883\hotspot\src\share\
Event: 361.697 Thread 0x000000001f855000 Exception <a 'java/io/IOException'> (0x0000000775b42c08) thrown at [C:\re\workspace\8-2-build-windows-amd64-cygwin\jdk8u111\7883\hotspot\src\share\vm\prims\jni.cpp, line 709]

Events (10 events):
Event: 372.267 Thread 0x000000001ca3d000 flushing nmethod 0x000000000426e910
Event: 372.267 Thread 0x000000001ca3d000 flushing nmethod 0x00000000042b0350
Event: 372.267 Thread 0x000000001ca3d000 flushing nmethod 0x00000000042b9a10
Event: 372.267 Thread 0x000000001ca3d000 flushing nmethod 0x00000000042eb790
Event: 372.284 Thread 0x000000001f855000 DEOPT PACKING pc=0x00000000032afd5c sp=0x000000002983b150
Event: 372.284 Thread 0x000000001f855000 DEOPT UNPACKING pc=0x00000000031c787f sp=0x000000002983afc8 mode 0
Event: 373.318 Executing VM operation: RevokeBias
Event: 373.318 Executing VM operation: RevokeBias done
Event: 373.324 Executing VM operation: RevokeBias
Event: 373.324 Executing VM operation: RevokeBias done


Dynamic libraries:
0x00007ff792fd0000 - 0x00007ff793007000 	C:\Program Files\Java\jdk1.8.0_111\bin\java.exe
0x00007ff9f6d10000 - 0x00007ff9f6f08000 	C:\WINDOWS\SYSTEM32\ntdll.dll
0x00007ff9f67e0000 - 0x00007ff9f689d000 	C:\WINDOWS\System32\KERNEL32.DLL
0x00007ff9f4710000 - 0x00007ff9f4a06000 	C:\WINDOWS\System32\KERNELBASE.dll
0x00007ff9f53b0000 - 0x00007ff9f545f000 	C:\WINDOWS\System32\ADVAPI32.dll
0x00007ff9f4f30000 - 0x00007ff9f4fce000 	C:\WINDOWS\System32\msvcrt.dll
0x00007ff9f6680000 - 0x00007ff9f671c000 	C:\WINDOWS\System32\sechost.dll
0x00007ff9f4e00000 - 0x00007ff9f4f26000 	C:\WINDOWS\System32\RPCRT4.dll
0x00007ff9f60c0000 - 0x00007ff9f625e000 	C:\WINDOWS\System32\USER32.dll
0x00007ff9f4510000 - 0x00007ff9f4532000 	C:\WINDOWS\System32\win32u.dll
0x00007ff9f6320000 - 0x00007ff9f634c000 	C:\WINDOWS\System32\GDI32.dll
0x00007ff9f43f0000 - 0x00007ff9f450a000 	C:\WINDOWS\System32\gdi32full.dll
0x00007ff9f4590000 - 0x00007ff9f462d000 	C:\WINDOWS\System32\msvcp_win.dll
0x00007ff9f4be0000 - 0x00007ff9f4ce0000 	C:\WINDOWS\System32\ucrtbase.dll
0x00007ff9d0bf0000 - 0x00007ff9d0e8a000 	C:\WINDOWS\WinSxS\amd64_microsoft.windows.common-controls_6595b64144ccf1df_6.0.19041.3636_none_60b6a03d71f818d5\COMCTL32.dll
0x00007ff9f4fd0000 - 0x00007ff9f5000000 	C:\WINDOWS\System32\IMM32.DLL
0x0000000062ca0000 - 0x0000000062d72000 	C:\Program Files\Java\jdk1.8.0_111\jre\bin\msvcr100.dll
0x0000000060d80000 - 0x000000006161a000 	C:\Program Files\Java\jdk1.8.0_111\jre\bin\server\jvm.dll
0x00007ff9f6670000 - 0x00007ff9f6678000 	C:\WINDOWS\System32\PSAPI.DLL
0x00007ff9cc790000 - 0x00007ff9cc799000 	C:\WINDOWS\SYSTEM32\WSOCK32.dll
0x00007ff9e65e0000 - 0x00007ff9e6607000 	C:\WINDOWS\SYSTEM32\WINMM.dll
0x00007ff9ef550000 - 0x00007ff9ef55a000 	C:\WINDOWS\SYSTEM32\VERSION.dll
0x00007ff9f65a0000 - 0x00007ff9f660b000 	C:\WINDOWS\System32\WS2_32.dll
0x0000000062c90000 - 0x0000000062c9f000 	C:\Program Files\Java\jdk1.8.0_111\jre\bin\verify.dll
0x0000000062c60000 - 0x0000000062c89000 	C:\Program Files\Java\jdk1.8.0_111\jre\bin\java.dll
0x0000000062c40000 - 0x0000000062c56000 	C:\Program Files\Java\jdk1.8.0_111\jre\bin\zip.dll
0x00007ff9f5460000 - 0x00007ff9f5ba4000 	C:\WINDOWS\System32\SHELL32.dll
0x00007ff9f24d0000 - 0x00007ff9f2c6b000 	C:\WINDOWS\SYSTEM32\windows.storage.dll
0x00007ff9f68a0000 - 0x00007ff9f6bf4000 	C:\WINDOWS\System32\combase.dll
0x00007ff9f3e30000 - 0x00007ff9f3e5d000 	C:\WINDOWS\SYSTEM32\Wldp.dll
0x00007ff9f6270000 - 0x00007ff9f631d000 	C:\WINDOWS\System32\SHCORE.dll
0x00007ff9f6780000 - 0x00007ff9f67d5000 	C:\WINDOWS\System32\shlwapi.dll
0x00007ff9f4320000 - 0x00007ff9f4345000 	C:\WINDOWS\SYSTEM32\profapi.dll
0x0000000060d60000 - 0x0000000060d7a000 	C:\Program Files\Java\jdk1.8.0_111\jre\bin\net.dll
0x00007ff9f3b90000 - 0x00007ff9f3bfa000 	C:\WINDOWS\system32\mswsock.dll
0x00007ff9f3870000 - 0x00007ff9f393a000 	C:\WINDOWS\SYSTEM32\DNSAPI.dll
0x00007ff9f3830000 - 0x00007ff9f386b000 	C:\WINDOWS\SYSTEM32\IPHLPAPI.DLL
0x00007ff9f6260000 - 0x00007ff9f6268000 	C:\WINDOWS\System32\NSI.dll
0x00007ff9e2da0000 - 0x00007ff9e2daa000 	C:\Windows\System32\rasadhlp.dll
0x00007ff9e2dc0000 - 0x00007ff9e2e40000 	C:\WINDOWS\System32\fwpuclnt.dll
0x00007ff9f46e0000 - 0x00007ff9f4707000 	C:\WINDOWS\System32\bcrypt.dll
0x0000000062c30000 - 0x0000000062c3d000 	C:\Program Files\Java\jdk1.8.0_111\jre\bin\management.dll
0x0000000060d40000 - 0x0000000060d51000 	C:\Program Files\Java\jdk1.8.0_111\jre\bin\nio.dll
0x00007ff9f3d80000 - 0x00007ff9f3d98000 	C:\WINDOWS\SYSTEM32\CRYPTSP.dll
0x00007ff9f3450000 - 0x00007ff9f3484000 	C:\WINDOWS\system32\rsaenh.dll
0x00007ff9f42e0000 - 0x00007ff9f430e000 	C:\WINDOWS\SYSTEM32\USERENV.dll
0x00007ff9f4ce0000 - 0x00007ff9f4d62000 	C:\WINDOWS\System32\bcryptprimitives.dll
0x00007ff9f3da0000 - 0x00007ff9f3dac000 	C:\WINDOWS\SYSTEM32\CRYPTBASE.dll
0x00007ff9ec6d0000 - 0x00007ff9ec6e7000 	C:\WINDOWS\SYSTEM32\dhcpcsvc6.DLL
0x00007ff9ec7e0000 - 0x00007ff9ec7fd000 	C:\WINDOWS\SYSTEM32\dhcpcsvc.DLL
0x00007ff9c4f40000 - 0x00007ff9c4f57000 	C:\WINDOWS\system32\napinsp.dll
0x00007ff9c4f20000 - 0x00007ff9c4f3b000 	C:\WINDOWS\system32\pnrpnsp.dll
0x00007ff9c4f00000 - 0x00007ff9c4f15000 	C:\WINDOWS\system32\wshbth.dll
0x00007ff9efdb0000 - 0x00007ff9efdcd000 	C:\WINDOWS\system32\NLAapi.dll
0x00007ff9c4ee0000 - 0x00007ff9c4ef2000 	C:\WINDOWS\System32\winrnr.dll
0x0000000060d10000 - 0x0000000060d34000 	C:\Program Files\Java\jdk1.8.0_111\jre\bin\sunec.dll
0x0000000060d00000 - 0x0000000060d0b000 	C:\Program Files\Java\jdk1.8.0_111\jre\bin\sunmscapi.dll
0x00007ff9f4a80000 - 0x00007ff9f4bdd000 	C:\WINDOWS\System32\CRYPT32.dll

VM Arguments:
jvm_args: -Dspring.jmx.enabled=true -Dmanagement.endpoints.jmx.exposure.include=* -Dspring.application.admin.enabled=true -Dspring.boot.project.name=demo -Djava.rmi.server.hostname=localhost 
java_command: com.example.demo.DemoApplication
java_class_path (initial): C:\Users\USER\AppData\Local\Temp\cp_283duujj6majoqrn5auepsmu2.jar
Launcher Type: SUN_STANDARD

Environment Variables:
CLASSPATH=D:\LINGO64_20\Lingo20.jar
PATH=C:\Program Files\Common Files\Oracle\Java\javapath;C:\ProgramData\Oracle\Java\javapath;C:\Windows\system32;C:\Windows;C:\Windows\System32\Wbem;C:\Windows\System32\WindowsPowerShell\v1.0\;C:\Windows\System32\OpenSSH\;C:\Program Files (x86)\Intel\Intel(R) Management Engine Components\DAL;C:\Program Files\Intel\Intel(R) Management Engine Components\DAL;C:\Program Files (x86)\NVIDIA Corporation\PhysX\Common;C:\Program Files\NVIDIA Corporation\NVIDIA NvDLISR;C:\WINDOWS\system32;C:\WINDOWS;C:\WINDOWS\System32\Wbem;C:\WINDOWS\System32\WindowsPowerShell\v1.0\;C:\WINDOWS\System32\OpenSSH\;C:\Program Files\dotnet\;C:\xampp\php;C:\composer;C:\Program Files\Git\cmd;C:\Program Files (x86)\Microsoft SQL Server\150\DTS\Binn\;C:\Program Files\Azure Data Studio\bin;C:\Program Files\Microsoft SQL Server\Client SDK\ODBC\170\Tools\Binn\;C:\Program Files (x86)\Microsoft SQL Server\150\Tools\Binn\;C:\Program Files\Microsoft SQL Server\150\Tools\Binn\;C:\Program Files\Microsoft SQL Server\150\DTS\Binn\;C:\Program Files (x86)\dotnet\;C:\Program Files\nodejs\;D:\LINGO64_20\;C:\Users\USER\AppData\Local\Microsoft\WindowsApps;C:\Users\USER\AppData\Local\Programs\Microsoft VS Code\bin;C:\Users\USER\.dotnet\tools;C:\Users\USER\AppData\Roaming\Composer\vendor\bin;C:\Program Files\Azure Data Studio\bin;D:\postgressql\bin;C:\Users\USER\AppData\Roaming\npm
USERNAME=USER
OS=Windows_NT
PROCESSOR_IDENTIFIER=Intel64 Family 6 Model 158 Stepping 10, GenuineIntel



---------------  S Y S T E M  ---------------

OS: Windows 10.0 , 64 bit Build 19041 (10.0.19041.3636)

CPU:total 6 (6 cores per cpu, 1 threads per core) family 6 model 158 stepping 10, cmov, cx8, fxsr, mmx, sse, sse2, sse3, ssse3, sse4.1, sse4.2, popcnt, avx, avx2, aes, clmul, erms, 3dnowpref, lzcnt, tsc, tscinvbit, bmi1, bmi2, adx

Memory: 4k page, physical 16720084k(6160892k free), swap 18817236k(2192k free)

vm_info: Java HotSpot(TM) 64-Bit Server VM (25.111-b14) for windows-amd64 JRE (1.8.0_111-b14), built on Sep 22 2016 19:24:05 by "java_re" with MS VC++ 10.0 (VS2010)

time: Sun Dec 03 22:49:08 2023
elapsed time: 373 seconds (0d 0h 6m 13s)

